[2019-05-09 16:03:33] __rvm_make
__rvm_make () 
{ 
    \make "$@" || return $?
}
current path: /home/ec2-user/.rvm/src/ruby-2.6.3
PATH=/home/ec2-user/.nvm/versions/node/v8.16.0/bin:/sbin:/bin:/usr/sbin:/usr/bin:/usr/local/sbin:/opt/aws/bin:/home/ec2-user/.local/bin:/home/ec2-user/bin:/home/ec2-user/.rvm/bin:/home/ec2-user/.local/bin:/home/ec2-user/bin
command(2): __rvm_make -j2
++ make -j2
	BASERUBY = /usr/bin/ruby --disable=gems
	CC = gcc
	LD = ld
	LDSHARED = gcc -shared
	CFLAGS = -O3 -ggdb3 -Wall -Wextra -Wdeclaration-after-statement -Wdeprecated-declarations -Wimplicit-function-declaration -Wimplicit-int -Wpointer-arith -Wwrite-strings -Wmissing-noreturn -Wno-cast-function-type -Wno-constant-logical-operand -Wno-long-long -Wno-missing-field-initializers -Wno-overlength-strings -Wno-packed-bitfield-compat -Wno-parentheses-equality -Wno-self-assign -Wno-tautological-compare -Wno-unused-parameter -Wno-unused-value -Wsuggest-attribute=format -Wsuggest-attribute=noreturn -Wunused-variable -std=gnu99  -fPIC 
	XCFLAGS = -D_FORTIFY_SOURCE=2 -fstack-protector-strong -fno-strict-overflow -fvisibility=hidden -fexcess-precision=standard -DRUBY_EXPORT -DCANONICALIZATION_FOR_MATHN
	CPPFLAGS =   -I. -I.ext/include/x86_64-linux -I./include -I. -I./enc/unicode/12.1.0 
	DLDFLAGS = -Wl,-soname,libruby.so.2.6  -fstack-protector-strong  
	SOLIBS = -lpthread -lrt -lrt -ldl -lcrypt -lm 
	LANG = en_US.UTF-8
	LC_ALL = 
	LC_CTYPE = 
gcc (GCC) 4.8.5 20150623 (Red Hat 4.8.5-28)
Copyright (C) 2015 Free Software Foundation, Inc.
This is free software; see the source for copying conditions.  There is NO
warranty; not even for MERCHANTABILITY or FITNESS FOR A PARTICULAR PURPOSE.

compiling ./main.c
compiling dmydln.c
compiling miniinit.c
compiling dmyext.c
compiling miniprelude.c
making dummy probes.h
compiling ast.c
compiling bignum.c
compiling class.c
compiling compar.c
compiling compile.c
compiling complex.c
compiling cont.c
compiling debug.c
compiling debug_counter.c
compiling dir.c
compiling dln_find.c
compiling encoding.c
compiling enum.c
compiling enumerator.c
compiling error.c
compiling eval.c
compiling file.c
compiling gc.c
compiling hash.c
compiling inits.c
compiling io.c
io.c: In function ‘rb_io_ungetbyte’:
io.c:4272:9: warning: ISO C90 forbids mixed declarations and code [-Wdeclaration-after-statement]
         VALUE v = rb_int_modulo(b, INT2FIX(256));
         ^
compiling iseq.c
compiling load.c
compiling marshal.c
io.c: At top level:
cc1: warning: unrecognized command line option "-Wno-tautological-compare" [enabled by default]
cc1: warning: unrecognized command line option "-Wno-self-assign" [enabled by default]
cc1: warning: unrecognized command line option "-Wno-parentheses-equality" [enabled by default]
cc1: warning: unrecognized command line option "-Wno-constant-logical-operand" [enabled by default]
cc1: warning: unrecognized command line option "-Wno-cast-function-type" [enabled by default]
compiling math.c
making mjit_config.h
compiling mjit_compile.c
compiling node.c
compiling numeric.c
compiling object.c
compiling pack.c
compiling parse.c
compiling proc.c
compiling process.c
compiling random.c
compiling range.c
compiling rational.c
compiling re.c
compiling regcomp.c
compiling regenc.c
compiling regerror.c
compiling regexec.c
compiling regparse.c
compiling regsyntax.c
compiling ruby.c
compiling safe.c
compiling signal.c
compiling sprintf.c
compiling st.c
compiling strftime.c
compiling string.c
string.c: In function ‘rb_str_setbyte’:
string.c:5426:5: warning: ISO C90 forbids mixed declarations and code [-Wdeclaration-after-statement]
     VALUE v = rb_to_int(value);
     ^
compiling struct.c
compiling symbol.c
compiling thread.c
string.c: At top level:
cc1: warning: unrecognized command line option "-Wno-tautological-compare" [enabled by default]
cc1: warning: unrecognized command line option "-Wno-self-assign" [enabled by default]
cc1: warning: unrecognized command line option "-Wno-parentheses-equality" [enabled by default]
cc1: warning: unrecognized command line option "-Wno-constant-logical-operand" [enabled by default]
cc1: warning: unrecognized command line option "-Wno-cast-function-type" [enabled by default]
compiling time.c
compiling transcode.c
compiling transient_heap.c
compiling util.c
compiling variable.c
./revision.h unchanged
compiling vm.c
compiling vm_backtrace.c
compiling vm_dump.c
compiling vm_trace.c
compiling ./missing/explicit_bzero.c
compiling ./missing/setproctitle.c
compiling ./missing/strlcat.c
compiling ./missing/strlcpy.c
compiling addr2line.c
compiling dmyenc.c
compiling dln.c
compiling localeinit.c
compiling prelude.c
compiling array.c
compiling mjit.c
assembling coroutine/amd64/Context.S
compiling enc/ascii.c
compiling enc/us_ascii.c
compiling enc/unicode.c
compiling enc/utf_8.c
compiling enc/trans/newline.c
building rb_mjit_header.h
rb_mjit_header.h updated
compiling version.c
linking miniruby
generating encdb.h
encdb.h updated
building .ext/include/x86_64-linux/rb_mjit_min_header-2.6.3.h
./miniruby -I./lib -I. -I.ext/common  ./tool/transform_mjit_header.rb "gcc " rb_mjit_header.h .ext/include/x86_64-linux/rb_mjit_min_header-2.6.3.h
./tool/ifchange "--timestamp=.rbconfig.time" rbconfig.rb rbconfig.tmp
rbconfig.rb updated
generating enc.mk
creating verconf.h
verconf.h updated
making srcs under enc
make[1]: Entering directory `/home/ec2-user/.rvm/src/ruby-2.6.3'
make[1]: Nothing to be done for `srcs'.
make[1]: Leaving directory `/home/ec2-user/.rvm/src/ruby-2.6.3'
compiling loadpath.c
generating transdb.h
transdb.h updated
linking static-library libruby-static.a

Transforming external functions to static:
transform_mjit_header: making external definition of 'Init_vm_stack_canary' static inline
transform_mjit_header: making external definition of 'rb_vm_opt_struct_aset' static inline
transform_mjit_header: making external definition of 'rb_vm_opt_struct_aref' static inline
transform_mjit_header: making external definition of 'rb_eql_opt' static inline
transform_mjit_header: changing definition of 'rb_equal_opt' to declaration
transform_mjit_header: changing definition of 'rb_vm_search_method_slowpath' to declaration
transform_mjit_header: making external definition of 'rb_vm_rewrite_cref' static inline
transform_mjit_header: making external definition of 'rb_vm_push_frame' static inline
transform_mjit_header: making external definition of 'rb_vm_block_ep_update' static inline
transform_mjit_header: making external definition of 'rb_vm_cref_new_toplevel' static inline
transform_mjit_header: making external definition of 'rb_vm_frame_block_handler' static inline
transform_mjit_header: making external definition of 'rb_vm_ep_local_ep' static inline
transform_mjit_header: making declaration of 'rb_vm_rewrite_cref' static inline
transform_mjit_header: making declaration of 'rb_vm_frame_block_handler' static inline
transform_mjit_header: making declaration of 'rb_vm_block_ep_update' static inline
transform_mjit_header: making declaration of 'rb_vm_ep_local_ep' static inline
transform_mjit_header: SKIPPED to transform __sigdelset
transform_mjit_header: SKIPPED to transform __sigaddset
transform_mjit_header: SKIPPED to transform __sigismember
transform_mjit_header: making declaration of 'Init_vm_stack_canary' static inline
transform_mjit_header: making declaration of 'rb_eql_opt' static inline
transform_mjit_header: SKIPPED to transform getlogin_r
transform_mjit_header: SKIPPED to transform pread64
transform_mjit_header: SKIPPED to transform pread
transform_mjit_header: SKIPPED to transform read
transform_mjit_header: SKIPPED to transform __strsep_3c
transform_mjit_header: SKIPPED to transform __strsep_2c
transform_mjit_header: SKIPPED to transform __strsep_1c
transform_mjit_header: SKIPPED to transform __strtok_r_1c
transform_mjit_header: SKIPPED to transform __strpbrk_c3
transform_mjit_header: SKIPPED to transform __strpbrk_c2
transform_mjit_header: SKIPPED to transform __strspn_c3
transform_mjit_header: SKIPPED to transform __strspn_c2
transform_mjit_header: SKIPPED to transform __strspn_c1
transform_mjit_header: SKIPPED to transform __strcspn_c3
transform_mjit_header: SKIPPED to transform __strcspn_c2
transform_mjit_header: SKIPPED to transform __strcspn_c1
transform_mjit_header: SKIPPED to transform fread_unlocked
transform_mjit_header: SKIPPED to transform fgets_unlocked
transform_mjit_header: SKIPPED to transform fread
transform_mjit_header: SKIPPED to transform fgets
transform_mjit_header: SKIPPED to transform vdprintf
transform_mjit_header: SKIPPED to transform dprintf
transform_mjit_header: SKIPPED to transform vfprintf
transform_mjit_header: SKIPPED to transform vprintf
transform_mjit_header: SKIPPED to transform printf
transform_mjit_header: SKIPPED to transform fprintf
transform_mjit_header: SKIPPED to transform getline
transform_mjit_header: SKIPPED to transform putchar_unlocked
transform_mjit_header: SKIPPED to transform putc_unlocked
transform_mjit_header: SKIPPED to transform fputc_unlocked
transform_mjit_header: SKIPPED to transform putchar
transform_mjit_header: SKIPPED to transform getchar_unlocked
transform_mjit_header: SKIPPED to transform getc_unlocked
transform_mjit_header: SKIPPED to transform fgetc_unlocked
transform_mjit_header: SKIPPED to transform getchar
ln -sf ../../../.ext/include/x86_64-linux/rb_mjit_min_header-2.6.3.h include/ruby-2.6.0/x86_64-linux/rb_mjit_min_header-2.6.3.h
linking shared-library libruby.so.2.6.3
generating makefiles ext/configure-ext.mk
making enc
make[1]: Entering directory `/home/ec2-user/.rvm/src/ruby-2.6.3'
compiling ./enc/encdb.c
ext/configure-ext.mk updated
making trans
make[1]: Entering directory `/home/ec2-user/.rvm/src/ruby-2.6.3'
compiling ./enc/trans/transdb.c
compiling ./enc/trans/big5.c
compiling ./enc/big5.c
compiling ./enc/cp949.c
compiling ./enc/emacs_mule.c
compiling ./enc/euc_jp.c
compiling ./enc/euc_kr.c
compiling ./enc/euc_tw.c
compiling ./enc/gb2312.c
compiling ./enc/gb18030.c
compiling ./enc/gbk.c
compiling ./enc/iso_8859_1.c
compiling ./enc/iso_8859_2.c
compiling ./enc/iso_8859_3.c
compiling ./enc/iso_8859_4.c
compiling ./enc/iso_8859_5.c
compiling ./enc/iso_8859_6.c
compiling ./enc/iso_8859_7.c
compiling ./enc/trans/chinese.c
compiling ./enc/iso_8859_8.c
compiling ./enc/iso_8859_9.c
compiling ./enc/iso_8859_10.c
compiling ./enc/iso_8859_11.c
compiling ./enc/iso_8859_13.c
compiling ./enc/iso_8859_14.c
compiling ./enc/iso_8859_15.c
compiling ./enc/trans/ebcdic.c
compiling ./enc/iso_8859_16.c
compiling ./enc/trans/emoji.c
compiling ./enc/koi8_r.c
compiling ./enc/koi8_u.c
compiling ./enc/trans/emoji_iso2022_kddi.c
compiling ./enc/shift_jis.c
compiling ./enc/utf_16be.c
compiling ./enc/utf_16le.c
compiling ./enc/utf_32be.c
compiling ./enc/trans/emoji_sjis_docomo.c
compiling ./enc/utf_32le.c
compiling ./enc/windows_31j.c
compiling ./enc/windows_1250.c
compiling ./enc/windows_1251.c
compiling ./enc/trans/emoji_sjis_kddi.c
compiling ./enc/windows_1252.c
compiling ./enc/windows_1253.c
compiling ./enc/windows_1254.c
compiling ./enc/windows_1257.c
compiling ./enc/trans/emoji_sjis_softbank.c
linking encoding encdb.so
linking encoding big5.so
linking encoding cp949.so
linking encoding emacs_mule.so
linking encoding euc_jp.so
linking encoding euc_kr.so
linking encoding euc_tw.so
linking encoding gb2312.so
linking encoding gb18030.so
linking encoding gbk.so
linking encoding iso_8859_1.so
linking encoding iso_8859_2.so
compiling ./enc/trans/escape.c
linking encoding iso_8859_3.so
linking encoding iso_8859_4.so
linking encoding iso_8859_5.so
linking encoding iso_8859_6.so
compiling ./enc/trans/gb18030.c
linking encoding iso_8859_7.so
linking encoding iso_8859_8.so
linking encoding iso_8859_9.so
linking encoding iso_8859_10.so
linking encoding iso_8859_11.so
linking encoding iso_8859_13.so
linking encoding iso_8859_14.so
linking encoding iso_8859_15.so
linking encoding iso_8859_16.so
linking encoding koi8_r.so
linking encoding koi8_u.so
linking encoding shift_jis.so
linking encoding utf_16be.so
linking encoding utf_16le.so
linking encoding utf_32be.so
linking encoding utf_32le.so
linking encoding windows_31j.so
compiling ./enc/trans/gbk.c
linking encoding windows_1250.so
linking encoding windows_1251.so
linking encoding windows_1252.so
linking encoding windows_1253.so
linking encoding windows_1254.so
linking encoding windows_1257.so
make[1]: Leaving directory `/home/ec2-user/.rvm/src/ruby-2.6.3'
make[1]: Entering directory `/home/ec2-user/.rvm/src/ruby-2.6.3'
configuring digest
configuring digest/bubblebabble
configuring digest/md5
compiling ./enc/trans/iso2022.c
compiling ./enc/trans/japanese.c
compiling ./enc/trans/japanese_euc.c
configuring digest/rmd160
compiling ./enc/trans/japanese_sjis.c
configuring digest/sha1
compiling ./enc/trans/korean.c
configuring digest/sha2
compiling ./enc/trans/single_byte.c
compiling ./enc/trans/utf8_mac.c
configuring cgi/escape
configuring zlib
compiling ./enc/trans/utf_16_32.c
linking transcoder transdb.so
linking transcoder big5.so
configuring fiddle
linking transcoder chinese.so
linking transcoder ebcdic.so
linking transcoder emoji.so
linking transcoder emoji_iso2022_kddi.so
linking transcoder emoji_sjis_docomo.so
linking transcoder emoji_sjis_kddi.so
linking transcoder emoji_sjis_softbank.so
linking transcoder escape.so
linking transcoder gb18030.so
linking transcoder gbk.so
linking transcoder iso2022.so
linking transcoder japanese.so
linking transcoder japanese_euc.so
linking transcoder japanese_sjis.so
linking transcoder korean.so
linking transcoder single_byte.so
linking transcoder utf8_mac.so
linking transcoder utf_16_32.so
make[1]: Leaving directory `/home/ec2-user/.rvm/src/ruby-2.6.3'
making encs
make[1]: Entering directory `/home/ec2-user/.rvm/src/ruby-2.6.3'
make[1]: Nothing to be done for `encs'.
make[1]: Leaving directory `/home/ec2-user/.rvm/src/ruby-2.6.3'
configuring coverage
configuring stringio
configuring bigdecimal
configuring racc/cparse
configuring fcntl
configuring objspace
configuring dbm
configuring bigdecimal/util
configuring fiber
configuring nkf
configuring gdbm
configuring json
configuring json/generator
configuring json/parser
configuring pathname
configuring socket
configuring strscan
configuring openssl
configuring syslog
configuring sdbm
configuring rubyvm
configuring -test-/arith_seq/extract
configuring -test-/array/resize
configuring -test-/bignum
configuring -test-/bug-3571
configuring -test-/bug-5832
configuring -test-/bug_reporter
configuring -test-/class
configuring -test-/debug
configuring -test-/dln/empty
configuring -test-/exception
configuring -test-/fatal
configuring -test-/file
configuring -test-/float
configuring -test-/funcall
configuring -test-/gvl/call_without_gvl
configuring -test-/hash
configuring -test-/integer
configuring -test-/iseq_load
configuring -test-/iter
configuring -test-/load/dot.dot
configuring -test-/load/protect
configuring -test-/marshal/compat
configuring -test-/marshal/internal_ivar
configuring -test-/marshal/usr
configuring -test-/memory_status
configuring -test-/method
configuring -test-/notimplement
configuring -test-/num2int
configuring -test-/path_to_class
configuring -test-/popen_deadlock
configuring -test-/postponed_job
configuring -test-/printf
configuring -test-/proc
configuring -test-/rational
configuring -test-/recursion
configuring -test-/regexp
configuring -test-/scan_args
configuring -test-/st/foreach
configuring -test-/st/numhash
configuring -test-/st/update
configuring -test-/string
configuring -test-/struct
configuring -test-/symbol
configuring -test-/thread_fd_close
configuring -test-/time
configuring -test-/tracepoint
configuring -test-/typeddata
configuring -test-/vm
configuring -test-/wait_for_single_fd
configuring pty
configuring etc
configuring continuation
configuring date
configuring rbconfig/sizeof
configuring io/console
configuring io/nonblock
configuring io/wait
configuring ripper
configuring psych
configuring readline
make[1]: Leaving directory `/home/ec2-user/.rvm/src/ruby-2.6.3'
generating makefile exts.mk
exts.mk updated
make[1]: Entering directory `/home/ec2-user/.rvm/src/ruby-2.6.3'
make[2]: Entering directory `/home/ec2-user/.rvm/src/ruby-2.6.3/ext/digest'
make[2]: Entering directory `/home/ec2-user/.rvm/src/ruby-2.6.3/ext/cgi/escape'
compiling digest.c
compiling escape.c
linking shared-object cgi/escape.so
linking shared-object digest.so
make[2]: Leaving directory `/home/ec2-user/.rvm/src/ruby-2.6.3/ext/cgi/escape'
make[2]: Entering directory `/home/ec2-user/.rvm/src/ruby-2.6.3/ext/zlib'
compiling zlib.c
installing digest libraries
installing default digest libraries
make[2]: Leaving directory `/home/ec2-user/.rvm/src/ruby-2.6.3/ext/digest'
make[2]: Entering directory `/home/ec2-user/.rvm/src/ruby-2.6.3/ext/fiddle'
compiling closure.c
compiling conversions.c
compiling fiddle.c
compiling function.c
compiling handle.c
compiling pointer.c
linking shared-object fiddle.so
installing default fiddle libraries
make[2]: Leaving directory `/home/ec2-user/.rvm/src/ruby-2.6.3/ext/fiddle'
make[2]: Entering directory `/home/ec2-user/.rvm/src/ruby-2.6.3/ext/coverage'
compiling coverage.c
installing default coverage libraries
linking shared-object coverage.so
make[2]: Leaving directory `/home/ec2-user/.rvm/src/ruby-2.6.3/ext/coverage'
make[2]: Entering directory `/home/ec2-user/.rvm/src/ruby-2.6.3/ext/stringio'
compiling stringio.c
stringio.c: In function ‘strio_ungetbyte’:
stringio.c:814:9: warning: ISO C90 forbids mixed declarations and code [-Wdeclaration-after-statement]
         VALUE v = rb_funcall(c, rb_intern("modulo"), 1, INT2FIX(256));
         ^
stringio.c:822:5: warning: ISO C90 forbids mixed declarations and code [-Wdeclaration-after-statement]
     const char *cp = RSTRING_PTR(c);
     ^
linking shared-object zlib.so
make[2]: Leaving directory `/home/ec2-user/.rvm/src/ruby-2.6.3/ext/zlib'
make[2]: Entering directory `/home/ec2-user/.rvm/src/ruby-2.6.3/ext/bigdecimal'
compiling bigdecimal.c
stringio.c: At top level:
cc1: warning: unrecognized command line option "-Wno-tautological-compare" [enabled by default]
cc1: warning: unrecognized command line option "-Wno-self-assign" [enabled by default]
cc1: warning: unrecognized command line option "-Wno-parentheses-equality" [enabled by default]
cc1: warning: unrecognized command line option "-Wno-constant-logical-operand" [enabled by default]
cc1: warning: unrecognized command line option "-Wno-cast-function-type" [enabled by default]
linking shared-object stringio.so
make[2]: Leaving directory `/home/ec2-user/.rvm/src/ruby-2.6.3/ext/stringio'
make[2]: Entering directory `/home/ec2-user/.rvm/src/ruby-2.6.3/ext/racc/cparse'
compiling cparse.c
linking shared-object racc/cparse.so
make[2]: Leaving directory `/home/ec2-user/.rvm/src/ruby-2.6.3/ext/racc/cparse'
installing default bigdecimal libraries
make[2]: Entering directory `/home/ec2-user/.rvm/src/ruby-2.6.3/ext/fcntl'
compiling fcntl.c
linking shared-object fcntl.so
make[2]: Leaving directory `/home/ec2-user/.rvm/src/ruby-2.6.3/ext/fcntl'
make[2]: Entering directory `/home/ec2-user/.rvm/src/ruby-2.6.3/ext/objspace'
compiling object_tracing.c
compiling objspace.c
compiling objspace_dump.c
linking shared-object objspace.so
make[2]: Leaving directory `/home/ec2-user/.rvm/src/ruby-2.6.3/ext/objspace'
make[2]: Entering directory `/home/ec2-user/.rvm/src/ruby-2.6.3/ext/dbm'
make[2]: Leaving directory `/home/ec2-user/.rvm/src/ruby-2.6.3/ext/dbm'
make[2]: Entering directory `/home/ec2-user/.rvm/src/ruby-2.6.3/ext/fiber'
compiling fiber.c
linking shared-object fiber.so
make[2]: Leaving directory `/home/ec2-user/.rvm/src/ruby-2.6.3/ext/fiber'
make[2]: Entering directory `/home/ec2-user/.rvm/src/ruby-2.6.3/ext/nkf'
compiling nkf.c
linking shared-object bigdecimal.so
make[2]: Leaving directory `/home/ec2-user/.rvm/src/ruby-2.6.3/ext/bigdecimal'
make[2]: Entering directory `/home/ec2-user/.rvm/src/ruby-2.6.3/ext/gdbm'
make[2]: Leaving directory `/home/ec2-user/.rvm/src/ruby-2.6.3/ext/gdbm'
make[2]: Entering directory `/home/ec2-user/.rvm/src/ruby-2.6.3/ext/json'
make[2]: Leaving directory `/home/ec2-user/.rvm/src/ruby-2.6.3/ext/json'
make[2]: Entering directory `/home/ec2-user/.rvm/src/ruby-2.6.3/ext/pathname'
compiling pathname.c
installing default pathname libraries
linking shared-object pathname.so
make[2]: Leaving directory `/home/ec2-user/.rvm/src/ruby-2.6.3/ext/pathname'
make[2]: Entering directory `/home/ec2-user/.rvm/src/ruby-2.6.3/ext/socket'
compiling init.c
compiling constants.c
compiling basicsocket.c
installing default nkf libraries
linking shared-object nkf.so
compiling socket.c
make[2]: Leaving directory `/home/ec2-user/.rvm/src/ruby-2.6.3/ext/nkf'
make[2]: Entering directory `/home/ec2-user/.rvm/src/ruby-2.6.3/ext/strscan'
compiling strscan.c
compiling ipsocket.c
compiling tcpsocket.c
linking shared-object strscan.so
make[2]: Leaving directory `/home/ec2-user/.rvm/src/ruby-2.6.3/ext/strscan'
compiling tcpserver.c
compiling sockssocket.c
compiling udpsocket.c
compiling unixsocket.c
compiling unixserver.c
compiling option.c
compiling ancdata.c
compiling raddrinfo.c
compiling ifaddr.c
installing default socket libraries
make[2]: Entering directory `/home/ec2-user/.rvm/src/ruby-2.6.3/ext/openssl'
compiling openssl_missing.c
compiling ossl.c
linking shared-object socket.so
make[2]: Leaving directory `/home/ec2-user/.rvm/src/ruby-2.6.3/ext/socket'
make[2]: Entering directory `/home/ec2-user/.rvm/src/ruby-2.6.3/ext/syslog'
compiling syslog.c
compiling ossl_asn1.c
linking shared-object syslog.so
installing default syslog libraries
make[2]: Leaving directory `/home/ec2-user/.rvm/src/ruby-2.6.3/ext/syslog'
make[2]: Entering directory `/home/ec2-user/.rvm/src/ruby-2.6.3/ext/sdbm'
compiling _sdbm.c
compiling init.c
compiling ossl_bio.c
linking shared-object sdbm.so
make[2]: Leaving directory `/home/ec2-user/.rvm/src/ruby-2.6.3/ext/sdbm'
compiling ossl_bn.c
compiling ossl_cipher.c
compiling ossl_config.c
compiling ossl_digest.c
compiling ossl_engine.c
compiling ossl_hmac.c
compiling ossl_kdf.c
compiling ossl_ns_spki.c
compiling ossl_ocsp.c
compiling ossl_pkcs12.c
compiling ossl_pkcs7.c
compiling ossl_pkey.c
compiling ossl_pkey_dh.c
compiling ossl_pkey_dsa.c
compiling ossl_pkey_ec.c
compiling ossl_pkey_rsa.c
compiling ossl_rand.c
compiling ossl_ssl.c
compiling ossl_ssl_session.c
compiling ossl_x509.c
compiling ossl_x509attr.c
compiling ossl_x509cert.c
compiling ossl_x509crl.c
compiling ossl_x509ext.c
compiling ossl_x509name.c
compiling ossl_x509req.c
compiling ossl_x509revoked.c
compiling ossl_x509store.c
installing default openssl libraries
make[2]: Entering directory `/home/ec2-user/.rvm/src/ruby-2.6.3/ext/rubyvm'
installing default libraries
make[2]: Leaving directory `/home/ec2-user/.rvm/src/ruby-2.6.3/ext/rubyvm'
make[2]: Entering directory `/home/ec2-user/.rvm/src/ruby-2.6.3/ext/-test-/arith_seq/extract'
compiling extract.c
linking shared-object -test-/arith_seq/extract.so
make[2]: Leaving directory `/home/ec2-user/.rvm/src/ruby-2.6.3/ext/-test-/arith_seq/extract'
make[2]: Entering directory `/home/ec2-user/.rvm/src/ruby-2.6.3/ext/-test-/array/resize'
compiling resize.c
linking shared-object -test-/array/resize.so
linking shared-object openssl.so
make[2]: Leaving directory `/home/ec2-user/.rvm/src/ruby-2.6.3/ext/-test-/array/resize'
make[2]: Entering directory `/home/ec2-user/.rvm/src/ruby-2.6.3/ext/-test-/bignum'
compiling big2str.c
compiling intpack.c
compiling div.c
make[2]: Leaving directory `/home/ec2-user/.rvm/src/ruby-2.6.3/ext/openssl'
make[2]: Entering directory `/home/ec2-user/.rvm/src/ruby-2.6.3/ext/-test-/bug-3571'
compiling bug.c
compiling mul.c
linking shared-object -test-/bug_3571.so
make[2]: Leaving directory `/home/ec2-user/.rvm/src/ruby-2.6.3/ext/-test-/bug-3571'
make[2]: Entering directory `/home/ec2-user/.rvm/src/ruby-2.6.3/ext/-test-/bug-5832'
compiling bug.c
compiling bigzero.c
linking shared-object -test-/bug_5832.so
make[2]: Leaving directory `/home/ec2-user/.rvm/src/ruby-2.6.3/ext/-test-/bug-5832'
compiling init.c
make[2]: Entering directory `/home/ec2-user/.rvm/src/ruby-2.6.3/ext/-test-/bug_reporter'
compiling bug_reporter.c
compiling str2big.c
linking shared-object -test-/bug_reporter.so
make[2]: Leaving directory `/home/ec2-user/.rvm/src/ruby-2.6.3/ext/-test-/bug_reporter'
make[2]: Entering directory `/home/ec2-user/.rvm/src/ruby-2.6.3/ext/-test-/class'
compiling init.c
linking shared-object -test-/bignum.so
compiling class2name.c
make[2]: Leaving directory `/home/ec2-user/.rvm/src/ruby-2.6.3/ext/-test-/bignum'
make[2]: Entering directory `/home/ec2-user/.rvm/src/ruby-2.6.3/ext/-test-/debug'
compiling init.c
linking shared-object -test-/class.so
compiling profile_frames.c
make[2]: Leaving directory `/home/ec2-user/.rvm/src/ruby-2.6.3/ext/-test-/class'
make[2]: Entering directory `/home/ec2-user/.rvm/src/ruby-2.6.3/ext/-test-/dln/empty'
compiling empty.c
linking shared-object -test-/dln/empty.so
make[2]: Leaving directory `/home/ec2-user/.rvm/src/ruby-2.6.3/ext/-test-/dln/empty'
make[2]: Entering directory `/home/ec2-user/.rvm/src/ruby-2.6.3/ext/-test-/exception'
compiling dataerror.c
compiling inspector.c
compiling enc_raise.c
linking shared-object -test-/debug.so
make[2]: Leaving directory `/home/ec2-user/.rvm/src/ruby-2.6.3/ext/-test-/debug'
make[2]: Entering directory `/home/ec2-user/.rvm/src/ruby-2.6.3/ext/-test-/fatal'
compiling rb_fatal.c
compiling init.c
linking shared-object -test-/fatal/rb_fatal.so
compiling ensured.c
make[2]: Leaving directory `/home/ec2-user/.rvm/src/ruby-2.6.3/ext/-test-/fatal'
make[2]: Entering directory `/home/ec2-user/.rvm/src/ruby-2.6.3/ext/-test-/file'
compiling init.c
linking shared-object -test-/exception.so
compiling stat.c
make[2]: Leaving directory `/home/ec2-user/.rvm/src/ruby-2.6.3/ext/-test-/exception'
make[2]: Entering directory `/home/ec2-user/.rvm/src/ruby-2.6.3/ext/-test-/float'
compiling init.c
compiling fs.c
compiling nextafter.c
linking shared-object -test-/file.so
linking shared-object -test-/float.so
make[2]: Leaving directory `/home/ec2-user/.rvm/src/ruby-2.6.3/ext/-test-/float'
make[2]: Entering directory `/home/ec2-user/.rvm/src/ruby-2.6.3/ext/-test-/funcall'
make[2]: Leaving directory `/home/ec2-user/.rvm/src/ruby-2.6.3/ext/-test-/file'
compiling funcall.c
make[2]: Entering directory `/home/ec2-user/.rvm/src/ruby-2.6.3/ext/-test-/gvl/call_without_gvl'
compiling call_without_gvl.c
linking shared-object -test-/funcall.so
linking shared-object -test-/gvl/call_without_gvl.so
make[2]: Leaving directory `/home/ec2-user/.rvm/src/ruby-2.6.3/ext/-test-/funcall'
make[2]: Leaving directory `/home/ec2-user/.rvm/src/ruby-2.6.3/ext/-test-/gvl/call_without_gvl'
make[2]: Entering directory `/home/ec2-user/.rvm/src/ruby-2.6.3/ext/-test-/hash'
make[2]: Entering directory `/home/ec2-user/.rvm/src/ruby-2.6.3/ext/-test-/integer'
compiling delete.c
compiling my_integer.c
compiling init.c
compiling init.c
linking shared-object -test-/hash.so
compiling core_ext.c
make[2]: Leaving directory `/home/ec2-user/.rvm/src/ruby-2.6.3/ext/-test-/hash'
make[2]: Entering directory `/home/ec2-user/.rvm/src/ruby-2.6.3/ext/-test-/iseq_load'
compiling iseq_load.c
linking shared-object -test-/integer.so
linking shared-object -test-/iseq_load.so
make[2]: Leaving directory `/home/ec2-user/.rvm/src/ruby-2.6.3/ext/-test-/integer'
make[2]: Entering directory `/home/ec2-user/.rvm/src/ruby-2.6.3/ext/-test-/iter'
compiling init.c
make[2]: Leaving directory `/home/ec2-user/.rvm/src/ruby-2.6.3/ext/-test-/iseq_load'
make[2]: Entering directory `/home/ec2-user/.rvm/src/ruby-2.6.3/ext/-test-/load/dot.dot'
compiling dot.dot.c
linking shared-object -test-/load/dot.dot.so
make[2]: Leaving directory `/home/ec2-user/.rvm/src/ruby-2.6.3/ext/-test-/load/dot.dot'
make[2]: Entering directory `/home/ec2-user/.rvm/src/ruby-2.6.3/ext/-test-/load/protect'
compiling protect.c
compiling yield.c
linking shared-object -test-/load/protect.so
compiling break.c
make[2]: Leaving directory `/home/ec2-user/.rvm/src/ruby-2.6.3/ext/-test-/load/protect'
make[2]: Entering directory `/home/ec2-user/.rvm/src/ruby-2.6.3/ext/-test-/marshal/compat'
compiling usrcompat.c
linking shared-object -test-/iter.so
make[2]: Leaving directory `/home/ec2-user/.rvm/src/ruby-2.6.3/ext/-test-/iter'
linking shared-object -test-/marshal/compat.so
make[2]: Entering directory `/home/ec2-user/.rvm/src/ruby-2.6.3/ext/-test-/marshal/internal_ivar'
compiling internal_ivar.c
make[2]: Leaving directory `/home/ec2-user/.rvm/src/ruby-2.6.3/ext/-test-/marshal/compat'
make[2]: Entering directory `/home/ec2-user/.rvm/src/ruby-2.6.3/ext/-test-/marshal/usr'
compiling usrmarshal.c
linking shared-object -test-/marshal/internal_ivar.so
make[2]: Leaving directory `/home/ec2-user/.rvm/src/ruby-2.6.3/ext/-test-/marshal/internal_ivar'
make[2]: Entering directory `/home/ec2-user/.rvm/src/ruby-2.6.3/ext/-test-/memory_status'
make[2]: Leaving directory `/home/ec2-user/.rvm/src/ruby-2.6.3/ext/-test-/memory_status'
linking shared-object -test-/marshal/usr.so
make[2]: Entering directory `/home/ec2-user/.rvm/src/ruby-2.6.3/ext/-test-/method'
compiling arity.c
make[2]: Leaving directory `/home/ec2-user/.rvm/src/ruby-2.6.3/ext/-test-/marshal/usr'
make[2]: Entering directory `/home/ec2-user/.rvm/src/ruby-2.6.3/ext/-test-/notimplement'
compiling bug.c
compiling init.c
linking shared-object -test-/notimplement.so
make[2]: Leaving directory `/home/ec2-user/.rvm/src/ruby-2.6.3/ext/-test-/notimplement'
make[2]: Entering directory `/home/ec2-user/.rvm/src/ruby-2.6.3/ext/-test-/num2int'
compiling num2int.c
linking shared-object -test-/method.so
make[2]: Leaving directory `/home/ec2-user/.rvm/src/ruby-2.6.3/ext/-test-/method'
make[2]: Entering directory `/home/ec2-user/.rvm/src/ruby-2.6.3/ext/-test-/path_to_class'
compiling path_to_class.c
linking shared-object -test-/num2int.so
linking shared-object -test-/path_to_class.so
make[2]: Leaving directory `/home/ec2-user/.rvm/src/ruby-2.6.3/ext/-test-/num2int'
make[2]: Entering directory `/home/ec2-user/.rvm/src/ruby-2.6.3/ext/-test-/popen_deadlock'
compiling infinite_loop_dlsym.c
make[2]: Leaving directory `/home/ec2-user/.rvm/src/ruby-2.6.3/ext/-test-/path_to_class'
make[2]: Entering directory `/home/ec2-user/.rvm/src/ruby-2.6.3/ext/-test-/postponed_job'
compiling postponed_job.c
linking shared-object -test-/popen_deadlock/infinite_loop_dlsym.so
linking shared-object -test-/postponed_job.so
make[2]: Leaving directory `/home/ec2-user/.rvm/src/ruby-2.6.3/ext/-test-/popen_deadlock'
make[2]: Entering directory `/home/ec2-user/.rvm/src/ruby-2.6.3/ext/-test-/printf'
compiling printf.c
make[2]: Leaving directory `/home/ec2-user/.rvm/src/ruby-2.6.3/ext/-test-/postponed_job'
make[2]: Entering directory `/home/ec2-user/.rvm/src/ruby-2.6.3/ext/-test-/proc'
compiling super.c
compiling init.c
linking shared-object -test-/printf.so
compiling receiver.c
make[2]: Leaving directory `/home/ec2-user/.rvm/src/ruby-2.6.3/ext/-test-/printf'
make[2]: Entering directory `/home/ec2-user/.rvm/src/ruby-2.6.3/ext/-test-/rational'
compiling rat.c
linking shared-object -test-/proc.so
linking shared-object -test-/rational.so
make[2]: Leaving directory `/home/ec2-user/.rvm/src/ruby-2.6.3/ext/-test-/proc'
make[2]: Entering directory `/home/ec2-user/.rvm/src/ruby-2.6.3/ext/-test-/recursion'
compiling recursion.c
make[2]: Leaving directory `/home/ec2-user/.rvm/src/ruby-2.6.3/ext/-test-/rational'
make[2]: Entering directory `/home/ec2-user/.rvm/src/ruby-2.6.3/ext/-test-/regexp'
compiling parse_depth_limit.c
linking shared-object -test-/recursion.so
compiling init.c
make[2]: Leaving directory `/home/ec2-user/.rvm/src/ruby-2.6.3/ext/-test-/recursion'
make[2]: Entering directory `/home/ec2-user/.rvm/src/ruby-2.6.3/ext/-test-/scan_args'
compiling scan_args.c
linking shared-object -test-/regexp.so
make[2]: Leaving directory `/home/ec2-user/.rvm/src/ruby-2.6.3/ext/-test-/regexp'
make[2]: Entering directory `/home/ec2-user/.rvm/src/ruby-2.6.3/ext/-test-/st/foreach'
compiling foreach.c
linking shared-object -test-/scan_args.so
make[2]: Leaving directory `/home/ec2-user/.rvm/src/ruby-2.6.3/ext/-test-/scan_args'
make[2]: Entering directory `/home/ec2-user/.rvm/src/ruby-2.6.3/ext/-test-/st/numhash'
compiling numhash.c
linking shared-object -test-/st/foreach.so
make[2]: Leaving directory `/home/ec2-user/.rvm/src/ruby-2.6.3/ext/-test-/st/foreach'
make[2]: Entering directory `/home/ec2-user/.rvm/src/ruby-2.6.3/ext/-test-/st/update'
compiling update.c
linking shared-object -test-/st/numhash.so
linking shared-object -test-/st/update.so
make[2]: Leaving directory `/home/ec2-user/.rvm/src/ruby-2.6.3/ext/-test-/st/numhash'
make[2]: Entering directory `/home/ec2-user/.rvm/src/ruby-2.6.3/ext/-test-/string'
compiling enc_associate.c
make[2]: Leaving directory `/home/ec2-user/.rvm/src/ruby-2.6.3/ext/-test-/st/update'
make[2]: Entering directory `/home/ec2-user/.rvm/src/ruby-2.6.3/ext/-test-/struct'
compiling member.c
compiling new.c
compiling init.c
compiling len.c
compiling normalize.c
compiling duplicate.c
compiling capacity.c
linking shared-object -test-/struct.so
compiling fstring.c
make[2]: Leaving directory `/home/ec2-user/.rvm/src/ruby-2.6.3/ext/-test-/struct'
make[2]: Entering directory `/home/ec2-user/.rvm/src/ruby-2.6.3/ext/-test-/symbol'
compiling init.c
compiling init.c
compiling type.c
compiling coderange.c
linking shared-object -test-/symbol.so
make[2]: Leaving directory `/home/ec2-user/.rvm/src/ruby-2.6.3/ext/-test-/symbol'
make[2]: Entering directory `/home/ec2-user/.rvm/src/ruby-2.6.3/ext/-test-/thread_fd_close'
compiling thread_fd_close.c
compiling nofree.c
linking shared-object -test-/thread_fd_close.so
compiling set_len.c
make[2]: Leaving directory `/home/ec2-user/.rvm/src/ruby-2.6.3/ext/-test-/thread_fd_close'
make[2]: Entering directory `/home/ec2-user/.rvm/src/ruby-2.6.3/ext/-test-/time'
compiling new.c
compiling enc_str_buf_cat.c
compiling init.c
compiling cstr.c
compiling leap_second.c
linking shared-object -test-/time.so
make[2]: Leaving directory `/home/ec2-user/.rvm/src/ruby-2.6.3/ext/-test-/time'
compiling ellipsize.c
compiling modify.c
compiling qsort.c
make[2]: Entering directory `/home/ec2-user/.rvm/src/ruby-2.6.3/ext/-test-/tracepoint'
compiling gc_hook.c
linking shared-object -test-/string.so
compiling tracepoint.c
make[2]: Leaving directory `/home/ec2-user/.rvm/src/ruby-2.6.3/ext/-test-/string'
make[2]: Entering directory `/home/ec2-user/.rvm/src/ruby-2.6.3/ext/-test-/typeddata'
compiling typeddata.c
linking shared-object -test-/tracepoint.so
make[2]: Leaving directory `/home/ec2-user/.rvm/src/ruby-2.6.3/ext/-test-/tracepoint'
make[2]: Entering directory `/home/ec2-user/.rvm/src/ruby-2.6.3/ext/-test-/vm'
compiling at_exit.c
linking shared-object -test-/typeddata.so
make[2]: Leaving directory `/home/ec2-user/.rvm/src/ruby-2.6.3/ext/-test-/typeddata'
make[2]: Entering directory `/home/ec2-user/.rvm/src/ruby-2.6.3/ext/-test-/wait_for_single_fd'
compiling wait_for_single_fd.c
linking shared-object -test-/vm/at_exit.so
make[2]: Leaving directory `/home/ec2-user/.rvm/src/ruby-2.6.3/ext/-test-/vm'
make[2]: Entering directory `/home/ec2-user/.rvm/src/ruby-2.6.3/ext/pty'
compiling pty.c
linking shared-object -test-/wait_for_single_fd.so
make[2]: Leaving directory `/home/ec2-user/.rvm/src/ruby-2.6.3/ext/-test-/wait_for_single_fd'
make[2]: Entering directory `/home/ec2-user/.rvm/src/ruby-2.6.3/ext/etc'
compiling etc.c
installing default pty libraries
linking shared-object pty.so
make[2]: Leaving directory `/home/ec2-user/.rvm/src/ruby-2.6.3/ext/pty'
make[2]: Entering directory `/home/ec2-user/.rvm/src/ruby-2.6.3/ext/continuation'
compiling continuation.c
linking shared-object continuation.so
make[2]: Leaving directory `/home/ec2-user/.rvm/src/ruby-2.6.3/ext/continuation'
make[2]: Entering directory `/home/ec2-user/.rvm/src/ruby-2.6.3/ext/date'
compiling date_core.c
linking shared-object etc.so
make[2]: Leaving directory `/home/ec2-user/.rvm/src/ruby-2.6.3/ext/etc'
compiling date_parse.c
compiling date_strftime.c
compiling date_strptime.c
make[2]: Entering directory `/home/ec2-user/.rvm/src/ruby-2.6.3/ext/rbconfig/sizeof'
compiling sizes.c
installing default date_core libraries
linking shared-object date_core.so
compiling limits.c
make[2]: Leaving directory `/home/ec2-user/.rvm/src/ruby-2.6.3/ext/date'
make[2]: Entering directory `/home/ec2-user/.rvm/src/ruby-2.6.3/ext/io/console'
compiling console.c
linking shared-object rbconfig/sizeof.so
make[2]: Leaving directory `/home/ec2-user/.rvm/src/ruby-2.6.3/ext/rbconfig/sizeof'
installing default console libraries
make[2]: Entering directory `/home/ec2-user/.rvm/src/ruby-2.6.3/ext/io/nonblock'
compiling nonblock.c
linking shared-object io/nonblock.so
make[2]: Leaving directory `/home/ec2-user/.rvm/src/ruby-2.6.3/ext/io/nonblock'
make[2]: Entering directory `/home/ec2-user/.rvm/src/ruby-2.6.3/ext/io/wait'
compiling wait.c
linking shared-object io/console.so
make[2]: Leaving directory `/home/ec2-user/.rvm/src/ruby-2.6.3/ext/io/console'
make[2]: Entering directory `/home/ec2-user/.rvm/src/ruby-2.6.3/ext/ripper'
compiling ripper.c
linking shared-object io/wait.so
make[2]: Leaving directory `/home/ec2-user/.rvm/src/ruby-2.6.3/ext/io/wait'
make[2]: Entering directory `/home/ec2-user/.rvm/src/ruby-2.6.3/ext/psych'
compiling psych.c
compiling psych_emitter.c
compiling psych_parser.c
compiling psych_to_ruby.c
compiling psych_yaml_tree.c
linking shared-object psych.so
make[2]: Leaving directory `/home/ec2-user/.rvm/src/ruby-2.6.3/ext/psych'
checking ../.././parse.y and ../.././ext/ripper/eventids2.c
make[2]: Entering directory `/home/ec2-user/.rvm/src/ruby-2.6.3/ext/readline'
compiling readline.c
linking shared-object readline.so
make[2]: Leaving directory `/home/ec2-user/.rvm/src/ruby-2.6.3/ext/readline'
make[2]: Entering directory `/home/ec2-user/.rvm/src/ruby-2.6.3/ext/digest/bubblebabble'
compiling bubblebabble.c
linking shared-object digest/bubblebabble.so
make[2]: Leaving directory `/home/ec2-user/.rvm/src/ruby-2.6.3/ext/digest/bubblebabble'
make[2]: Entering directory `/home/ec2-user/.rvm/src/ruby-2.6.3/ext/digest/md5'
compiling md5init.c
linking shared-object digest/md5.so
make[2]: Leaving directory `/home/ec2-user/.rvm/src/ruby-2.6.3/ext/digest/md5'
make[2]: Entering directory `/home/ec2-user/.rvm/src/ruby-2.6.3/ext/digest/rmd160'
compiling rmd160init.c
linking shared-object digest/rmd160.so
make[2]: Leaving directory `/home/ec2-user/.rvm/src/ruby-2.6.3/ext/digest/rmd160'
make[2]: Entering directory `/home/ec2-user/.rvm/src/ruby-2.6.3/ext/digest/sha1'
compiling sha1init.c
linking shared-object digest/sha1.so
make[2]: Leaving directory `/home/ec2-user/.rvm/src/ruby-2.6.3/ext/digest/sha1'
make[2]: Entering directory `/home/ec2-user/.rvm/src/ruby-2.6.3/ext/digest/sha2'
compiling sha2init.c
linking shared-object digest/sha2.so
installing default sha2 libraries
make[2]: Leaving directory `/home/ec2-user/.rvm/src/ruby-2.6.3/ext/digest/sha2'
make[2]: Entering directory `/home/ec2-user/.rvm/src/ruby-2.6.3/ext/bigdecimal/util'
compiling util.c
linking shared-object bigdecimal/util.so
make[2]: Leaving directory `/home/ec2-user/.rvm/src/ruby-2.6.3/ext/bigdecimal/util'
make[2]: Entering directory `/home/ec2-user/.rvm/src/ruby-2.6.3/ext/json/generator'
compiling generator.c
linking shared-object json/ext/generator.so
make[2]: Leaving directory `/home/ec2-user/.rvm/src/ruby-2.6.3/ext/json/generator'
make[2]: Entering directory `/home/ec2-user/.rvm/src/ruby-2.6.3/ext/json/parser'
compiling parser.c
linking shared-object json/ext/parser.so
make[2]: Leaving directory `/home/ec2-user/.rvm/src/ruby-2.6.3/ext/json/parser'
linking shared-object ripper.so
make[2]: Leaving directory `/home/ec2-user/.rvm/src/ruby-2.6.3/ext/ripper'
make[2]: Entering directory `/home/ec2-user/.rvm/src/ruby-2.6.3'
./revision.h unchanged
linking ruby
make[2]: Leaving directory `/home/ec2-user/.rvm/src/ruby-2.6.3'
make[1]: Leaving directory `/home/ec2-user/.rvm/src/ruby-2.6.3'
make[1]: Entering directory `/home/ec2-user/.rvm/src/ruby-2.6.3'
*** Following extensions are not compiled:
dbm:
	Could not be configured. It will not be installed.
	Check ext/dbm/mkmf.log for more details.
gdbm:
	Could not be configured. It will not be installed.
	Check ext/gdbm/mkmf.log for more details.
*** Fix the problems, then remove these directories and try again if you want.
make[1]: Leaving directory `/home/ec2-user/.rvm/src/ruby-2.6.3'
